<?xml version="1.0" encoding="UTF-8" ?>
<testsuite tests="11" failures="0" name="TestSuite" time="51.301" errors="0" skipped="0">
  <properties>
[...]
</properties>
  <testcase classname="com.vb.fs.AppTest" name="regTest" time="24.711"/>
  <testcase classname="com.vb.fs.AppTest" name="regTest" time="2.775"/>
  <testcase classname="com.vb.fs.AppTest" name="regTest" time="3.734"/>
  <testcase classname="com.vb.fs.AppTest" name="regTest" time="2.476"/>
  <testcase classname="com.vb.fs.AppTest" name="regTest" time="2.685"/>
  <testcase classname="com.vb.fs.AppTest" name="regTest" time="2.451"/>
  <testcase classname="com.vb.fs.AppTest" name="regTest" time="2.339"/>
  <testcase classname="com.vb.fs.AppTest" name="regTest" time="2.579"/>
  <testcase classname="com.vb.fs.AppTest" name="regTest" time="2.756"/>
  <testcase classname="com.vb.fs.AppTest" name="regTest" time="2.483"/>
  <testcase classname="com.vb.fs.AppTest" name="regTest" time="2.312"/>
</testsuite>