<?xml version="1.0" encoding="UTF-8"?>
<!-- Generated by org.testng.reporters.JUnitXMLReporter -->
<testsuite hostname="HP-PC" name="Test" tests="11" failures="0" timestamp="31 Jul 2017 11:11:46 GMT" time="68.545" errors="0">
  <testcase name="regTest" time="24.782" classname="com.vb.fs.AppTest"/>
  <testcase name="regTest" time="2.779" classname="com.vb.fs.AppTest"/>
  <testcase name="regTest" time="3.735" classname="com.vb.fs.AppTest"/>
  <testcase name="regTest" time="2.476" classname="com.vb.fs.AppTest"/>
  <testcase name="regTest" time="2.685" classname="com.vb.fs.AppTest"/>
  <testcase name="regTest" time="2.45" classname="com.vb.fs.AppTest"/>
  <testcase name="regTest" time="2.338" classname="com.vb.fs.AppTest"/>
  <testcase name="regTest" time="2.579" classname="com.vb.fs.AppTest"/>
  <testcase name="regTest" time="2.755" classname="com.vb.fs.AppTest"/>
  <testcase name="regTest" time="2.483" classname="com.vb.fs.AppTest"/>
  <testcase name="regTest" time="2.313" classname="com.vb.fs.AppTest"/>
</testsuite> <!-- Test -->
